<?xml version="1.0" encoding="UTF-8" ?>
<testsuites>
  <testsuite errors="0" failures="0" hostname="Randy.local" id="0" name="CartTest" package="com.pos.main" skipped="0" tests="2" time="0.233" timestamp="2016-01-07T18:03:05">
      <properties>
[...]
</properties>

      <testcase classname="com.pos.main.CartTest" name="testPrint" time="0.009" />

      <testcase classname="com.pos.main.CartTest" name="testPrintAll" time="0.096" />

      <system-out><![CDATA[名称：可口可乐，数量：2瓶，单价：3.0(元)，小计：6.0(元)
***商店购物清单***
名称：可口可乐，数量：5瓶，单价：3.0(元)，小计：15.0(元)
名称：雪碧，数量：2瓶，单价：3.0(元)，小计：6.0(元)
名称：电池，数量：1瓶，单价：2.0(元)，小计：2.0(元)
----------------------
总计：23.0(元)
**********************
]]></system-out>

      <system-err><![CDATA[]]></system-err>

  </testsuite>
  <testsuite errors="0" failures="0" hostname="Randy.local" id="1" name="ItemTest" package="com.pos.main" skipped="0" tests="2" time="0.149" timestamp="2016-01-07T18:03:06">
      <properties>
[...]
</properties>

      <testcase classname="com.pos.main.ItemTest" name="testSetMethod" time="0.003" />

      <testcase classname="com.pos.main.ItemTest" name="testGetMethod" time="0.001" />

      <system-out><![CDATA[]]></system-out>

      <system-err><![CDATA[]]></system-err>

  </testsuite>
  <testsuite errors="0" failures="0" hostname="Randy.local" id="2" name="MainClassTest" package="com.pos.main" skipped="0" tests="1" time="0.139" timestamp="2016-01-07T18:03:06">
      <properties>
[...]
</properties>

      <testcase classname="com.pos.main.MainClassTest" name="testMainClass" time="0.003" />

      <system-out><![CDATA[]]></system-out>

      <system-err><![CDATA[]]></system-err>

  </testsuite>
  <testsuite errors="0" failures="0" hostname="Randy.local" id="3" name="ReadFileTest" package="com.pos.main" skipped="0" tests="1" time="0.154" timestamp="2016-01-07T18:03:07">
      <properties>
[...]
</properties>

      <testcase classname="com.pos.main.ReadFileTest" name="testReadFile" time="0.01" />

      <system-out><![CDATA[]]></system-out>

      <system-err><![CDATA[]]></system-err>

  </testsuite>
</testsuites>
